Exporter version: 6.4.4, Blender version: 2.90.1
========= Conversion from Blender to Babylon.js =========
	Scene settings used :
		Inline textures     :  false
		Material Type       :  PBR
		Positions Precision :  4
		Normals Precision   :  3
		UVs Precision       :  3
		Vert Color Precision:  3
		Mat Weight Precision:  2
		Keep Z-up r-handed  :  no
		Texture directory   :  C:\Users\Antec Gaming\Documents\Blender\bab\
	Python World class constructor completed
	processing begun of mesh:  Cube
		processing begun of material:  Material
		processing begun of material:  Rouge
		processing begun of material:  Bleu
			WARNING: unsupported node type(ShaderNodeTexNoise) will trigger baking
			WARNING: unsupported node type(ShaderNodeTexVoronoi) will trigger baking
			WARNING: Metal channel baking required, but not possible, ignored
			WARNING: Roughness channel baking required, but not possible, ignored
			WARNING: Refraction channel baking required, but not possible, ignored
			Baking texture, type: DIFFUSE, mapped using: BakingUV
			processing texture Cube_baked_DIFFUSE
				texture type:  diffuseTexture, mapped using: "BakingUV"
			Baking texture, type: GLOSSY, mapped using: BakingUV
			processing texture Cube_baked_GLOSSY
				texture type:  specularTexture, mapped using: "BakingUV"
			bake time:  0 min, 18.5354 secs
		num positions      :  30
		num normals        :  30
		num tangents       :  0
		num uvs            :  60
		num uvs2           :  0
		num colors         :  0
		num triangles      :  12
	processing begun of camera (UniversalCamera):  Camera
	processing begun of light (POINT):  Light
========= Writing of JSON file started =========
	writing mesh:  Cube
========= Writing of JSON file completed =========
========= end of processing =========
elapsed time:  0 min, 18.5464 secs
