Exporter version: 6.4.4, Blender version: 2.90.1
========= Conversion from Blender to Babylon.js =========
	Scene settings used :
		Inline textures     :  false
		Material Type       :  PBR
		Positions Precision :  4
		Normals Precision   :  3
		UVs Precision       :  3
		Vert Color Precision:  3
		Mat Weight Precision:  2
		Keep Z-up r-handed  :  no
		Texture directory   :  C:\Users\Antec Gaming\Documents\Blender\bab\
	Python World class constructor completed
	processing begun of skeleton:  Armature, id:  0
		processing begun of bone:  Bone.01, index:  0
		processing begun of bone:  Bone.00, index:  1
		processing begun of bone:  Bone.13, index:  2
		processing begun of bone:  Bone.14, index:  3
		processing begun of bone:  Bone.11, index:  4
		processing begun of bone:  Bone.12, index:  5
		processing begun of bone:  Bone.18, index:  6
		processing begun of bone:  Bone.19, index:  7
		processing begun of bone:  Bone.20, index:  8
		processing begun of bone:  Bone.15, index:  9
		processing begun of bone:  Bone.16, index:  10
		processing begun of bone:  Bone.17, index:  11
		processing begun of bone:  Bone.03, index:  12
		processing begun of bone:  Bone.02, index:  13
		processing begun of bone:  Bone.05, index:  14
		processing begun of bone:  Bone.04, index:  15
		processing begun of bone:  Bone.09, index:  16
		processing begun of bone:  Bone.10, index:  17
		processing begun of bone:  Bone.07, index:  18
		processing begun of bone:  Bone.06, index:  19
		processing begun of bone:  Bone.08, index:  20
		processing action ArmatureAction:  in[0 - 25], out[0 - 25]
	processing begun of camera (UniversalCamera):  Camera
	processing begun of mesh:  Vert
		processing begun of material:  Matériau
		num positions      :  34235
		num normals        :  34235
		num tangents       :  0
		num uvs            :  0
		num uvs2           :  0
		num colors         :  0
		num triangles      :  12968
		Skeleton stats:  
			Total Influencers:  0
			Avg # of influencers per vertex:  0
			Highest # of influencers observed:  0, num vertices with this:  34235
			exported as 0 influencers
			num skeletonWeights and skeletonIndices:  136940
	processing begun of light (POINT):  Light
========= Writing of JSON file started =========
	writing mesh:  Vert
========= Writing of JSON file completed =========
========= end of processing =========
elapsed time:  0 min, 1.4884 secs
